
> rest-express@1.0.0 dev
> NODE_ENV=development tsx server/index.ts

7:59:09 PM [express] WARNING: Using in-memory session store (sessions will not persist across server restarts)
7:59:09 PM [express] serving on port 5000
Browserslist: browsers data (caniuse-lite) is 15 months old. Please run:
  npx update-browserslist-db@latest
  Why you should do it regularly: https://github.com/browserslist/update-db#readme

A PostCSS plugin did not pass the `from` option to `postcss.parse`. This may cause imported assets to be incorrectly transformed. If you've recently added a PostCSS plugin that raised this warning, please contact the package author to fix the issue.
7:59:24 PM [express] GET /api/auth/me 401 in 3ms :: {"error":"Not authenticated"}
7:59:24 PM [express] POST /api/auth/login 401 in 2ms :: {"error":"Invalid username or password"}
8:00:14 PM [express] POST /api/auth/login 401 in 5ms :: {"error":"Invalid username or password"}
8:00:26 PM [express] POST /api/auth/signup 200 in 198ms :: {"id":"11175c71-a8d6-4958-9907-58f582ef06…
8:01:00 PM [express] GET /api/auth/me 401 in 3ms :: {"error":"Not authenticated"}
8:01:00 PM [express] POST /api/auth/login 200 in 138ms :: {"id":"11175c71-a8d6-4958-9907-58f582ef06f…
8:01:00 PM [express] GET /api/auth/me 200 in 22ms :: {"id":"11175c71-a8d6-4958-9907-58f582ef06ff","u…
8:01:00 PM [express] GET /api/watchlist 200 in 3ms :: []
[Historical] Fetching 100 candles for BTCUSDT 1h from bybit,okx
[Historical] Fetching 168 candles for BTCUSDT 1h from bybit,okx
8:01:00 PM [express] GET /api/alerts 200 in 75ms :: []
[Historical] Fetching 168 candles for ETHUSDT 1h from bybit,okx
[Historical] Fetching 168 candles for BNBUSDT 1h from bybit,okx
[Historical] Fetching 168 candles for SOLUSDT 1h from bybit,okx
[Historical] Fetching 168 candles for ADAUSDT 1h from bybit,okx
Client connected to WebSocket (userId: 11175c71-a8d6-4958-9907-58f582ef06ff)
8:01:01 PM [express] GET /api/historical-data 200 in 601ms :: [{"timestamp":1767546000000,"open":913…
8:01:01 PM [express] GET /api/historical-data 200 in 560ms :: [{"timestamp":1767301200000,"open":882…
8:01:01 PM [express] GET /api/webhooks 200 in 10ms :: []
8:01:01 PM [express] GET /api/market-sentiment 200 in 148ms :: {"name":"Fear and Greed Index","data"…
8:01:01 PM [express] GET /api/historical-data 200 in 693ms :: [{"timestamp":1767301200000,"open":298…
8:01:01 PM [express] GET /api/historical-data 200 in 718ms :: [{"timestamp":1767301200000,"open":860…
8:01:01 PM [express] GET /api/historical-data 200 in 720ms :: [{"timestamp":1767301200000,"open":0.3…
8:01:01 PM [express] GET /api/historical-data 200 in 745ms :: [{"timestamp":1767301200000,"open":125…
[Bybit] Connected for BTCUSDT
[Bybit] Received snapshot for BTCUSDT
[Historical] Fetching 720 candles for BTCUSDT 1h from binance,bybit,okx
8:01:03 PM [express] GET /api/historical-data 200 in 234ms :: [{"timestamp":1766826000000,"open":875…
Client disconnected from WebSocket
